{"/home/irene/github/Udacity_Project4/evaluate-news-nlp/src/client/js/cloneArray.js": {"path":"/home/irene/github/Udacity_Project4/evaluate-news-nlp/src/client/js/cloneArray.js","statementMap":{"0":{"start":{"line":2,"column":2},"end":{"line":2,"column":19}},"1":{"start":{"line":5,"column":0},"end":{"line":5,"column":27}}},"fnMap":{"0":{"name":"cloneArray","decl":{"start":{"line":1,"column":9},"end":{"line":1,"column":19}},"loc":{"start":{"line":1,"column":27},"end":{"line":3,"column":1}},"line":1}},"branchMap":{},"s":{"0":2,"1":1},"f":{"0":2},"b":{},"_coverageSchema":"1a1c01bbd47fc00a2c39e90264f33305004495a9","hash":"ee4cfc8c17c3784cc0b36fc276a67c38751d1f62"}
,"/home/irene/github/Udacity_Project4/evaluate-news-nlp/src/client/js/formHandler.js": {"path":"/home/irene/github/Udacity_Project4/evaluate-news-nlp/src/client/js/formHandler.js","statementMap":{"0":{"start":{"line":2,"column":4},"end":{"line":2,"column":26}},"1":{"start":{"line":5,"column":19},"end":{"line":5,"column":56}},"2":{"start":{"line":6,"column":22},"end":{"line":6,"column":41}},"3":{"start":{"line":7,"column":4},"end":{"line":7,"column":33}},"4":{"start":{"line":8,"column":19},"end":{"line":8,"column":449}},"5":{"start":{"line":9,"column":4},"end":{"line":9,"column":41}},"6":{"start":{"line":11,"column":4},"end":{"line":31,"column":42}},"7":{"start":{"line":12,"column":7},"end":{"line":30,"column":12}},"8":{"start":{"line":20,"column":23},"end":{"line":20,"column":33}},"9":{"start":{"line":22,"column":12},"end":{"line":22,"column":80}},"10":{"start":{"line":23,"column":12},"end":{"line":23,"column":93}},"11":{"start":{"line":24,"column":12},"end":{"line":24,"column":87}},"12":{"start":{"line":25,"column":12},"end":{"line":25,"column":90}},"13":{"start":{"line":26,"column":12},"end":{"line":26,"column":99}},"14":{"start":{"line":27,"column":12},"end":{"line":27,"column":77}},"15":{"start":{"line":29,"column":13},"end":{"line":29,"column":29}},"16":{"start":{"line":31,"column":14},"end":{"line":31,"column":41}}},"fnMap":{"0":{"name":"handleSubmit","decl":{"start":{"line":1,"column":9},"end":{"line":1,"column":21}},"loc":{"start":{"line":1,"column":29},"end":{"line":32,"column":1}},"line":1},"1":{"name":"(anonymous_1)","decl":{"start":{"line":20,"column":16},"end":{"line":20,"column":17}},"loc":{"start":{"line":20,"column":23},"end":{"line":20,"column":33}},"line":20},"2":{"name":"(anonymous_2)","decl":{"start":{"line":21,"column":16},"end":{"line":21,"column":17}},"loc":{"start":{"line":21,"column":30},"end":{"line":30,"column":11}},"line":21}},"branchMap":{"0":{"loc":{"start":{"line":11,"column":4},"end":{"line":31,"column":42}},"type":"if","locations":[{"start":{"line":11,"column":4},"end":{"line":31,"column":42}},{"start":{"line":11,"column":4},"end":{"line":31,"column":42}}],"line":11}},"s":{"0":0,"1":0,"2":0,"3":0,"4":0,"5":0,"6":0,"7":0,"8":0,"9":0,"10":0,"11":0,"12":0,"13":0,"14":0,"15":0,"16":0},"f":{"0":0,"1":0,"2":0},"b":{"0":[0,0]},"_coverageSchema":"1a1c01bbd47fc00a2c39e90264f33305004495a9","hash":"7f06b91d2c5252ced1d878dc289300fb86b2df01"}
,"/home/irene/github/Udacity_Project4/evaluate-news-nlp/src/client/js/nameChecker.js": {"path":"/home/irene/github/Udacity_Project4/evaluate-news-nlp/src/client/js/nameChecker.js","statementMap":{"0":{"start":{"line":2,"column":4},"end":{"line":2,"column":59}},"1":{"start":{"line":3,"column":16},"end":{"line":9,"column":5}},"2":{"start":{"line":11,"column":4},"end":{"line":13,"column":5}},"3":{"start":{"line":12,"column":8},"end":{"line":12,"column":34}}},"fnMap":{"0":{"name":"checkForName","decl":{"start":{"line":1,"column":9},"end":{"line":1,"column":21}},"loc":{"start":{"line":1,"column":33},"end":{"line":14,"column":1}},"line":1}},"branchMap":{"0":{"loc":{"start":{"line":11,"column":4},"end":{"line":13,"column":5}},"type":"if","locations":[{"start":{"line":11,"column":4},"end":{"line":13,"column":5}},{"start":{"line":11,"column":4},"end":{"line":13,"column":5}}],"line":11}},"s":{"0":1,"1":1,"2":1,"3":0},"f":{"0":1},"b":{"0":[0,1]},"_coverageSchema":"1a1c01bbd47fc00a2c39e90264f33305004495a9","hash":"4fa06d7c021022d02ac05996d5ff012e3a61f671"}
,"/home/irene/github/Udacity_Project4/evaluate-news-nlp/src/client/js/sum.js": {"path":"/home/irene/github/Udacity_Project4/evaluate-news-nlp/src/client/js/sum.js","statementMap":{"0":{"start":{"line":2,"column":2},"end":{"line":2,"column":14}},"1":{"start":{"line":5,"column":0},"end":{"line":5,"column":20}}},"fnMap":{"0":{"name":"sum","decl":{"start":{"line":1,"column":9},"end":{"line":1,"column":12}},"loc":{"start":{"line":1,"column":19},"end":{"line":3,"column":1}},"line":1}},"branchMap":{},"s":{"0":1,"1":1},"f":{"0":1},"b":{},"_coverageSchema":"1a1c01bbd47fc00a2c39e90264f33305004495a9","hash":"4e171aa613d50c6426efb16567c805d17384854e"}
}
